{"/Applications/XAMPP/xamppfiles/htdocs/calendo/frontend/js/appointments.ui.js": {"path":"/Applications/XAMPP/xamppfiles/htdocs/calendo/frontend/js/appointments.ui.js","statementMap":{"0":{"start":{"line":8,"column":10},"end":{"line":8,"column":33}},"1":{"start":{"line":8,"column":37},"end":{"line":8,"column":60}},"2":{"start":{"line":9,"column":13},"end":{"line":9,"column":58}},"3":{"start":{"line":10,"column":13},"end":{"line":10,"column":46}},"4":{"start":{"line":11,"column":2},"end":{"line":12,"column":93}},"5":{"start":{"line":15,"column":2},"end":{"line":17,"column":58}},"6":{"start":{"line":15,"column":42},"end":{"line":15,"column":58}},"7":{"start":{"line":16,"column":18},"end":{"line":16,"column":31}},"8":{"start":{"line":16,"column":47},"end":{"line":16,"column":63}},"9":{"start":{"line":17,"column":20},"end":{"line":17,"column":35}},"10":{"start":{"line":17,"column":43},"end":{"line":17,"column":57}},"11":{"start":{"line":20,"column":11},"end":{"line":20,"column":47}},"12":{"start":{"line":21,"column":2},"end":{"line":21,"column":48}},"13":{"start":{"line":22,"column":2},"end":{"line":22,"column":50}},"14":{"start":{"line":23,"column":2},"end":{"line":23,"column":62}},"15":{"start":{"line":28,"column":12},"end":{"line":28,"column":60}},"16":{"start":{"line":28,"column":62},"end":{"line":28,"column":79}},"17":{"start":{"line":29,"column":2},"end":{"line":29,"column":67}},"18":{"start":{"line":29,"column":18},"end":{"line":29,"column":65}},"19":{"start":{"line":30,"column":2},"end":{"line":30,"column":27}},"20":{"start":{"line":31,"column":2},"end":{"line":31,"column":24}},"21":{"start":{"line":35,"column":21},"end":{"line":54,"column":29}},"22":{"start":{"line":58,"column":2},"end":{"line":65,"column":5}},"23":{"start":{"line":59,"column":4},"end":{"line":64,"column":6}},"24":{"start":{"line":59,"column":27},"end":{"line":59,"column":67}},"25":{"start":{"line":60,"column":15},"end":{"line":60,"column":55}},"26":{"start":{"line":61,"column":6},"end":{"line":61,"column":42}},"27":{"start":{"line":62,"column":6},"end":{"line":62,"column":69}},"28":{"start":{"line":63,"column":6},"end":{"line":63,"column":55}},"29":{"start":{"line":70,"column":15},"end":{"line":70,"column":66}},"30":{"start":{"line":71,"column":15},"end":{"line":71,"column":29}},"31":{"start":{"line":74,"column":14},"end":{"line":76,"column":3}},"32":{"start":{"line":78,"column":2},"end":{"line":80,"column":14}},"33":{"start":{"line":79,"column":14},"end":{"line":79,"column":58}},"34":{"start":{"line":83,"column":39},"end":{"line":83,"column":57}},"35":{"start":{"line":86,"column":10},"end":{"line":86,"column":52}},"36":{"start":{"line":86,"column":54},"end":{"line":86,"column":64}},"37":{"start":{"line":86,"column":65},"end":{"line":86,"column":79}},"38":{"start":{"line":87,"column":2},"end":{"line":87,"column":90}},"39":{"start":{"line":88,"column":2},"end":{"line":88,"column":76}},"40":{"start":{"line":89,"column":2},"end":{"line":89,"column":28}},"41":{"start":{"line":90,"column":2},"end":{"line":90,"column":66}},"42":{"start":{"line":94,"column":12},"end":{"line":94,"column":54}},"43":{"start":{"line":96,"column":2},"end":{"line":119,"column":5}},"44":{"start":{"line":98,"column":4},"end":{"line":98,"column":34}},"45":{"start":{"line":101,"column":4},"end":{"line":101,"column":37}},"46":{"start":{"line":102,"column":4},"end":{"line":102,"column":49}},"47":{"start":{"line":103,"column":4},"end":{"line":103,"column":42}},"48":{"start":{"line":104,"column":4},"end":{"line":104,"column":42}},"49":{"start":{"line":105,"column":4},"end":{"line":105,"column":40}},"50":{"start":{"line":106,"column":4},"end":{"line":106,"column":40}},"51":{"start":{"line":109,"column":4},"end":{"line":109,"column":43}},"52":{"start":{"line":110,"column":4},"end":{"line":110,"column":38}},"53":{"start":{"line":111,"column":4},"end":{"line":111,"column":36}},"54":{"start":{"line":114,"column":4},"end":{"line":114,"column":86}},"55":{"start":{"line":115,"column":4},"end":{"line":115,"column":68}},"56":{"start":{"line":118,"column":4},"end":{"line":118,"column":68}},"57":{"start":{"line":126,"column":14},"end":{"line":126,"column":62}},"58":{"start":{"line":128,"column":2},"end":{"line":142,"column":5}},"59":{"start":{"line":130,"column":20},"end":{"line":130,"column":49}},"60":{"start":{"line":131,"column":4},"end":{"line":134,"column":5}},"61":{"start":{"line":132,"column":6},"end":{"line":132,"column":53}},"62":{"start":{"line":133,"column":6},"end":{"line":133,"column":13}},"63":{"start":{"line":137,"column":20},"end":{"line":137,"column":51}},"64":{"start":{"line":138,"column":4},"end":{"line":141,"column":5}},"65":{"start":{"line":139,"column":6},"end":{"line":139,"column":58}},"66":{"start":{"line":140,"column":6},"end":{"line":140,"column":25}},"67":{"start":{"line":148,"column":2},"end":{"line":148,"column":61}},"68":{"start":{"line":149,"column":2},"end":{"line":149,"column":65}},"69":{"start":{"line":150,"column":2},"end":{"line":150,"column":49}},"70":{"start":{"line":154,"column":13},"end":{"line":154,"column":43}},"71":{"start":{"line":155,"column":2},"end":{"line":155,"column":18}},"72":{"start":{"line":155,"column":11},"end":{"line":155,"column":18}},"73":{"start":{"line":157,"column":2},"end":{"line":173,"column":3}},"74":{"start":{"line":159,"column":16},"end":{"line":159,"column":36}},"75":{"start":{"line":161,"column":4},"end":{"line":167,"column":5}},"76":{"start":{"line":162,"column":6},"end":{"line":162,"column":65}},"77":{"start":{"line":163,"column":6},"end":{"line":163,"column":26}},"78":{"start":{"line":166,"column":6},"end":{"line":166,"column":73}},"79":{"start":{"line":170,"column":4},"end":{"line":170,"column":55}},"80":{"start":{"line":172,"column":4},"end":{"line":172,"column":23}},"81":{"start":{"line":179,"column":10},"end":{"line":179,"column":52}},"82":{"start":{"line":180,"column":10},"end":{"line":180,"column":65}},"83":{"start":{"line":181,"column":10},"end":{"line":181,"column":61}},"84":{"start":{"line":182,"column":12},"end":{"line":182,"column":22}},"85":{"start":{"line":183,"column":2},"end":{"line":183,"column":75}},"86":{"start":{"line":185,"column":0},"end":{"line":186,"column":85}},"87":{"start":{"line":186,"column":2},"end":{"line":186,"column":83}},"88":{"start":{"line":190,"column":2},"end":{"line":197,"column":5}},"89":{"start":{"line":191,"column":4},"end":{"line":191,"column":23}},"90":{"start":{"line":191,"column":32},"end":{"line":191,"column":84}},"91":{"start":{"line":192,"column":12},"end":{"line":192,"column":56}},"92":{"start":{"line":193,"column":4},"end":{"line":196,"column":48}},"93":{"start":{"line":193,"column":19},"end":{"line":193,"column":50}},"94":{"start":{"line":194,"column":6},"end":{"line":194,"column":62}},"95":{"start":{"line":195,"column":6},"end":{"line":195,"column":26}},"96":{"start":{"line":196,"column":10},"end":{"line":196,"column":48}},"97":{"start":{"line":202,"column":13},"end":{"line":202,"column":29}},"98":{"start":{"line":203,"column":2},"end":{"line":203,"column":24}},"99":{"start":{"line":204,"column":2},"end":{"line":204,"column":20}},"100":{"start":{"line":212,"column":10},"end":{"line":212,"column":58}},"101":{"start":{"line":213,"column":2},"end":{"line":213,"column":14}},"102":{"start":{"line":214,"column":2},"end":{"line":214,"column":11}}},"fnMap":{"0":{"name":"formatDateRange","decl":{"start":{"line":7,"column":16},"end":{"line":7,"column":31}},"loc":{"start":{"line":7,"column":48},"end":{"line":13,"column":1}},"line":7},"1":{"name":"getStatusColor","decl":{"start":{"line":14,"column":16},"end":{"line":14,"column":30}},"loc":{"start":{"line":14,"column":33},"end":{"line":18,"column":1}},"line":14},"2":{"name":"showToast","decl":{"start":{"line":19,"column":16},"end":{"line":19,"column":25}},"loc":{"start":{"line":19,"column":48},"end":{"line":24,"column":1}},"line":19},"3":{"name":"renderAppointments","decl":{"start":{"line":27,"column":16},"end":{"line":27,"column":34}},"loc":{"start":{"line":27,"column":40},"end":{"line":32,"column":1}},"line":27},"4":{"name":"(anonymous_4)","decl":{"start":{"line":29,"column":15},"end":{"line":29,"column":16}},"loc":{"start":{"line":29,"column":18},"end":{"line":29,"column":65}},"line":29},"5":{"name":"cardHtml","decl":{"start":{"line":35,"column":9},"end":{"line":35,"column":17}},"loc":{"start":{"line":35,"column":20},"end":{"line":54,"column":30}},"line":35},"6":{"name":"wireDescriptionToggles","decl":{"start":{"line":57,"column":16},"end":{"line":57,"column":38}},"loc":{"start":{"line":57,"column":40},"end":{"line":66,"column":1}},"line":57},"7":{"name":"(anonymous_7)","decl":{"start":{"line":58,"column":49},"end":{"line":58,"column":50}},"loc":{"start":{"line":58,"column":52},"end":{"line":65,"column":3}},"line":58},"8":{"name":"(anonymous_8)","decl":{"start":{"line":59,"column":14},"end":{"line":59,"column":15}},"loc":{"start":{"line":59,"column":18},"end":{"line":64,"column":5}},"line":59},"9":{"name":"populateCategoryOptions","decl":{"start":{"line":69,"column":22},"end":{"line":69,"column":45}},"loc":{"start":{"line":69,"column":48},"end":{"line":81,"column":1}},"line":69},"10":{"name":"(anonymous_10)","decl":{"start":{"line":79,"column":9},"end":{"line":79,"column":10}},"loc":{"start":{"line":79,"column":14},"end":{"line":79,"column":58}},"line":79},"11":{"name":"showAppointmentModal","decl":{"start":{"line":83,"column":16},"end":{"line":83,"column":36}},"loc":{"start":{"line":83,"column":38},"end":{"line":83,"column":58}},"line":83},"12":{"name":"openModalCreate","decl":{"start":{"line":85,"column":9},"end":{"line":85,"column":24}},"loc":{"start":{"line":85,"column":26},"end":{"line":91,"column":1}},"line":85},"13":{"name":"openModalEdit","decl":{"start":{"line":93,"column":9},"end":{"line":93,"column":22}},"loc":{"start":{"line":93,"column":28},"end":{"line":120,"column":1}},"line":93},"14":{"name":"(anonymous_14)","decl":{"start":{"line":96,"column":33},"end":{"line":96,"column":34}},"loc":{"start":{"line":96,"column":39},"end":{"line":119,"column":3}},"line":96},"15":{"name":"wireContainerClicks","decl":{"start":{"line":125,"column":16},"end":{"line":125,"column":35}},"loc":{"start":{"line":125,"column":38},"end":{"line":143,"column":1}},"line":125},"16":{"name":"(anonymous_16)","decl":{"start":{"line":128,"column":32},"end":{"line":128,"column":33}},"loc":{"start":{"line":128,"column":37},"end":{"line":142,"column":3}},"line":128},"17":{"name":"initDeleteModal","decl":{"start":{"line":147,"column":16},"end":{"line":147,"column":31}},"loc":{"start":{"line":147,"column":33},"end":{"line":151,"column":1}},"line":147},"18":{"name":"handleDeleteConfirm","decl":{"start":{"line":153,"column":15},"end":{"line":153,"column":34}},"loc":{"start":{"line":153,"column":37},"end":{"line":174,"column":1}},"line":153},"19":{"name":"suggestStatus","decl":{"start":{"line":178,"column":16},"end":{"line":178,"column":29}},"loc":{"start":{"line":178,"column":31},"end":{"line":184,"column":1}},"line":178},"20":{"name":"(anonymous_20)","decl":{"start":{"line":185,"column":58},"end":{"line":185,"column":59}},"loc":{"start":{"line":186,"column":2},"end":{"line":186,"column":83}},"line":186},"21":{"name":"setupAppointmentFormHandler","decl":{"start":{"line":189,"column":16},"end":{"line":189,"column":43}},"loc":{"start":{"line":189,"column":45},"end":{"line":198,"column":1}},"line":189},"22":{"name":"(anonymous_22)","decl":{"start":{"line":190,"column":71},"end":{"line":190,"column":72}},"loc":{"start":{"line":190,"column":80},"end":{"line":197,"column":3}},"line":190},"23":{"name":"fetchAppointments","decl":{"start":{"line":201,"column":22},"end":{"line":201,"column":39}},"loc":{"start":{"line":201,"column":41},"end":{"line":206,"column":1}},"line":201},"24":{"name":"getFormJSON","decl":{"start":{"line":211,"column":16},"end":{"line":211,"column":27}},"loc":{"start":{"line":211,"column":33},"end":{"line":215,"column":1}},"line":211}},"branchMap":{"0":{"loc":{"start":{"line":15,"column":2},"end":{"line":17,"column":58}},"type":"switch","locations":[{"start":{"line":15,"column":26},"end":{"line":15,"column":58}},{"start":{"line":16,"column":4},"end":{"line":16,"column":31}},{"start":{"line":16,"column":31},"end":{"line":16,"column":63}},{"start":{"line":17,"column":4},"end":{"line":17,"column":35}},{"start":{"line":17,"column":35},"end":{"line":17,"column":57}}],"line":15},"1":{"loc":{"start":{"line":19,"column":30},"end":{"line":19,"column":47}},"type":"default-arg","locations":[{"start":{"line":19,"column":38},"end":{"line":19,"column":47}}],"line":19},"2":{"loc":{"start":{"line":40,"column":76},"end":{"line":40,"column":100}},"type":"binary-expr","locations":[{"start":{"line":40,"column":76},"end":{"line":40,"column":88}},{"start":{"line":40,"column":92},"end":{"line":40,"column":100}}],"line":40},"3":{"loc":{"start":{"line":47,"column":60},"end":{"line":47,"column":101}},"type":"binary-expr","locations":[{"start":{"line":47,"column":60},"end":{"line":47,"column":73}},{"start":{"line":47,"column":75},"end":{"line":47,"column":101}}],"line":47},"4":{"loc":{"start":{"line":62,"column":43},"end":{"line":62,"column":60}},"type":"cond-expr","locations":[{"start":{"line":62,"column":46},"end":{"line":62,"column":53}},{"start":{"line":62,"column":54},"end":{"line":62,"column":60}}],"line":62},"5":{"loc":{"start":{"line":102,"column":27},"end":{"line":102,"column":48}},"type":"binary-expr","locations":[{"start":{"line":102,"column":27},"end":{"line":102,"column":42}},{"start":{"line":102,"column":46},"end":{"line":102,"column":48}}],"line":102},"6":{"loc":{"start":{"line":131,"column":4},"end":{"line":134,"column":5}},"type":"if","locations":[{"start":{"line":131,"column":4},"end":{"line":134,"column":5}},{"start":{},"end":{}}],"line":131},"7":{"loc":{"start":{"line":138,"column":4},"end":{"line":141,"column":5}},"type":"if","locations":[{"start":{"line":138,"column":4},"end":{"line":141,"column":5}},{"start":{},"end":{}}],"line":138},"8":{"loc":{"start":{"line":155,"column":2},"end":{"line":155,"column":18}},"type":"if","locations":[{"start":{"line":155,"column":2},"end":{"line":155,"column":18}},{"start":{},"end":{}}],"line":155},"9":{"loc":{"start":{"line":161,"column":4},"end":{"line":167,"column":5}},"type":"if","locations":[{"start":{"line":161,"column":4},"end":{"line":167,"column":5}},{"start":{"line":164,"column":11},"end":{"line":167,"column":5}}],"line":161},"10":{"loc":{"start":{"line":162,"column":16},"end":{"line":162,"column":52}},"type":"binary-expr","locations":[{"start":{"line":162,"column":16},"end":{"line":162,"column":27}},{"start":{"line":162,"column":31},"end":{"line":162,"column":52}}],"line":162},"11":{"loc":{"start":{"line":166,"column":16},"end":{"line":166,"column":61}},"type":"binary-expr","locations":[{"start":{"line":166,"column":16},"end":{"line":166,"column":25}},{"start":{"line":166,"column":29},"end":{"line":166,"column":42}},{"start":{"line":166,"column":46},"end":{"line":166,"column":61}}],"line":166},"12":{"loc":{"start":{"line":183,"column":17},"end":{"line":183,"column":74}},"type":"cond-expr","locations":[{"start":{"line":183,"column":23},"end":{"line":183,"column":34}},{"start":{"line":183,"column":37},"end":{"line":183,"column":73}}],"line":183},"13":{"loc":{"start":{"line":183,"column":37},"end":{"line":183,"column":73}},"type":"cond-expr","locations":[{"start":{"line":183,"column":52},"end":{"line":183,"column":61}},{"start":{"line":183,"column":62},"end":{"line":183,"column":73}}],"line":183},"14":{"loc":{"start":{"line":183,"column":37},"end":{"line":183,"column":51}},"type":"binary-expr","locations":[{"start":{"line":183,"column":37},"end":{"line":183,"column":43}},{"start":{"line":183,"column":45},"end":{"line":183,"column":51}}],"line":183},"15":{"loc":{"start":{"line":192,"column":12},"end":{"line":192,"column":56}},"type":"cond-expr","locations":[{"start":{"line":192,"column":17},"end":{"line":192,"column":36}},{"start":{"line":192,"column":37},"end":{"line":192,"column":56}}],"line":192},"16":{"loc":{"start":{"line":193,"column":4},"end":{"line":196,"column":48}},"type":"if","locations":[{"start":{"line":193,"column":4},"end":{"line":196,"column":48}},{"start":{"line":196,"column":10},"end":{"line":196,"column":48}}],"line":193},"17":{"loc":{"start":{"line":196,"column":20},"end":{"line":196,"column":37}},"type":"binary-expr","locations":[{"start":{"line":196,"column":20},"end":{"line":196,"column":27}},{"start":{"line":196,"column":29},"end":{"line":196,"column":37}}],"line":196}},"s":{"0":0,"1":0,"2":0,"3":0,"4":0,"5":0,"6":0,"7":0,"8":0,"9":0,"10":0,"11":0,"12":0,"13":0,"14":0,"15":0,"16":0,"17":0,"18":0,"19":0,"20":0,"21":0,"22":0,"23":0,"24":0,"25":0,"26":0,"27":0,"28":0,"29":0,"30":0,"31":0,"32":0,"33":0,"34":0,"35":0,"36":0,"37":0,"38":0,"39":0,"40":0,"41":0,"42":0,"43":0,"44":0,"45":0,"46":0,"47":0,"48":0,"49":0,"50":0,"51":0,"52":0,"53":0,"54":0,"55":0,"56":0,"57":0,"58":0,"59":0,"60":0,"61":0,"62":0,"63":0,"64":0,"65":0,"66":0,"67":0,"68":0,"69":0,"70":0,"71":0,"72":0,"73":0,"74":0,"75":0,"76":0,"77":0,"78":0,"79":0,"80":0,"81":0,"82":0,"83":0,"84":0,"85":0,"86":1,"87":4,"88":0,"89":0,"90":0,"91":0,"92":0,"93":0,"94":0,"95":0,"96":0,"97":2,"98":2,"99":2,"100":0,"101":0,"102":0},"f":{"0":0,"1":0,"2":0,"3":0,"4":0,"5":0,"6":0,"7":0,"8":0,"9":0,"10":0,"11":0,"12":0,"13":0,"14":0,"15":0,"16":0,"17":0,"18":0,"19":0,"20":4,"21":0,"22":0,"23":2,"24":0},"b":{"0":[0,0,0,0,0],"1":[0],"2":[0,0],"3":[0,0],"4":[0,0],"5":[0,0],"6":[0,0],"7":[0,0],"8":[0,0],"9":[0,0],"10":[0,0],"11":[0,0,0],"12":[0,0],"13":[0,0],"14":[0,0],"15":[0,0],"16":[0,0],"17":[0,0]},"_coverageSchema":"1a1c01bbd47fc00a2c39e90264f33305004495a9","hash":"6acfb49e62c2d80fc611e35c15fecc17ff2fa219"}
,"/Applications/XAMPP/xamppfiles/htdocs/calendo/frontend/js/filter-dashboard.js": {"path":"/Applications/XAMPP/xamppfiles/htdocs/calendo/frontend/js/filter-dashboard.js","statementMap":{"0":{"start":{"line":12,"column":25},"end":{"line":12,"column":27}},"1":{"start":{"line":16,"column":2},"end":{"line":16,"column":28}},"2":{"start":{"line":17,"column":2},"end":{"line":17,"column":32}},"3":{"start":{"line":18,"column":2},"end":{"line":18,"column":26}},"4":{"start":{"line":19,"column":2},"end":{"line":19,"column":26}},"5":{"start":{"line":25,"column":17},"end":{"line":25,"column":58}},"6":{"start":{"line":26,"column":21},"end":{"line":26,"column":67}},"7":{"start":{"line":26,"column":47},"end":{"line":26,"column":57}},"8":{"start":{"line":28,"column":2},"end":{"line":30,"column":71}},"9":{"start":{"line":30,"column":24},"end":{"line":30,"column":60}},"10":{"start":{"line":34,"column":17},"end":{"line":34,"column":56}},"11":{"start":{"line":35,"column":2},"end":{"line":40,"column":52}},"12":{"start":{"line":46,"column":2},"end":{"line":48,"column":5}},"13":{"start":{"line":47,"column":4},"end":{"line":47,"column":73}},"14":{"start":{"line":49,"column":2},"end":{"line":49,"column":81}},"15":{"start":{"line":52,"column":2},"end":{"line":57,"column":5}},"16":{"start":{"line":53,"column":4},"end":{"line":53,"column":60}},"17":{"start":{"line":54,"column":4},"end":{"line":54,"column":60}},"18":{"start":{"line":55,"column":4},"end":{"line":55,"column":57}},"19":{"start":{"line":56,"column":4},"end":{"line":56,"column":19}},"20":{"start":{"line":62,"column":14},"end":{"line":62,"column":54}},"21":{"start":{"line":63,"column":2},"end":{"line":63,"column":21}},"22":{"start":{"line":65,"column":18},"end":{"line":71,"column":3}},"23":{"start":{"line":66,"column":4},"end":{"line":70,"column":17}},"24":{"start":{"line":73,"column":2},"end":{"line":73,"column":59}},"25":{"start":{"line":73,"column":25},"end":{"line":73,"column":59}},"26":{"start":{"line":74,"column":2},"end":{"line":74,"column":58}},"27":{"start":{"line":74,"column":25},"end":{"line":74,"column":58}},"28":{"start":{"line":75,"column":2},"end":{"line":75,"column":61}},"29":{"start":{"line":75,"column":24},"end":{"line":75,"column":61}},"30":{"start":{"line":78,"column":2},"end":{"line":84,"column":8}},"31":{"start":{"line":79,"column":4},"end":{"line":84,"column":6}},"32":{"start":{"line":80,"column":17},"end":{"line":80,"column":32}},"33":{"start":{"line":81,"column":6},"end":{"line":82,"column":74}},"34":{"start":{"line":81,"column":32},"end":{"line":81,"column":71}},"35":{"start":{"line":82,"column":32},"end":{"line":82,"column":74}},"36":{"start":{"line":83,"column":6},"end":{"line":83,"column":21}},"37":{"start":{"line":89,"column":18},"end":{"line":89,"column":79}},"38":{"start":{"line":90,"column":18},"end":{"line":90,"column":77}},"39":{"start":{"line":91,"column":18},"end":{"line":91,"column":83}},"40":{"start":{"line":93,"column":2},"end":{"line":93,"column":50}},"41":{"start":{"line":95,"column":19},"end":{"line":104,"column":4}},"42":{"start":{"line":96,"column":19},"end":{"line":96,"column":76}},"43":{"start":{"line":97,"column":19},"end":{"line":97,"column":77}},"44":{"start":{"line":98,"column":19},"end":{"line":101,"column":45}},"45":{"start":{"line":103,"column":4},"end":{"line":103,"column":37}},"46":{"start":{"line":106,"column":2},"end":{"line":106,"column":28}}},"fnMap":{"0":{"name":"initFilters","decl":{"start":{"line":15,"column":9},"end":{"line":15,"column":20}},"loc":{"start":{"line":15,"column":27},"end":{"line":20,"column":1}},"line":15},"1":{"name":"populateCategoryOptions","decl":{"start":{"line":24,"column":9},"end":{"line":24,"column":32}},"loc":{"start":{"line":24,"column":39},"end":{"line":31,"column":1}},"line":24},"2":{"name":"(anonymous_2)","decl":{"start":{"line":26,"column":42},"end":{"line":26,"column":43}},"loc":{"start":{"line":26,"column":47},"end":{"line":26,"column":57}},"line":26},"3":{"name":"(anonymous_3)","decl":{"start":{"line":30,"column":19},"end":{"line":30,"column":20}},"loc":{"start":{"line":30,"column":24},"end":{"line":30,"column":60}},"line":30},"4":{"name":"populateStatusOptions","decl":{"start":{"line":33,"column":9},"end":{"line":33,"column":30}},"loc":{"start":{"line":33,"column":33},"end":{"line":41,"column":1}},"line":33},"5":{"name":"attachFilterListeners","decl":{"start":{"line":45,"column":9},"end":{"line":45,"column":30}},"loc":{"start":{"line":45,"column":33},"end":{"line":58,"column":1}},"line":45},"6":{"name":"(anonymous_6)","decl":{"start":{"line":46,"column":45},"end":{"line":46,"column":46}},"loc":{"start":{"line":46,"column":51},"end":{"line":48,"column":3}},"line":46},"7":{"name":"(anonymous_7)","decl":{"start":{"line":52,"column":71},"end":{"line":52,"column":72}},"loc":{"start":{"line":52,"column":77},"end":{"line":57,"column":3}},"line":52},"8":{"name":"updateActiveFilterChips","decl":{"start":{"line":61,"column":9},"end":{"line":61,"column":32}},"loc":{"start":{"line":61,"column":57},"end":{"line":85,"column":1}},"line":61},"9":{"name":"(anonymous_9)","decl":{"start":{"line":65,"column":18},"end":{"line":65,"column":19}},"loc":{"start":{"line":65,"column":38},"end":{"line":71,"column":3}},"line":65},"10":{"name":"(anonymous_10)","decl":{"start":{"line":78,"column":47},"end":{"line":78,"column":48}},"loc":{"start":{"line":79,"column":4},"end":{"line":84,"column":6}},"line":79},"11":{"name":"(anonymous_11)","decl":{"start":{"line":79,"column":32},"end":{"line":79,"column":33}},"loc":{"start":{"line":79,"column":38},"end":{"line":84,"column":5}},"line":79},"12":{"name":"applyFilters","decl":{"start":{"line":88,"column":9},"end":{"line":88,"column":21}},"loc":{"start":{"line":88,"column":24},"end":{"line":107,"column":1}},"line":88},"13":{"name":"(anonymous_13)","decl":{"start":{"line":95,"column":45},"end":{"line":95,"column":46}},"loc":{"start":{"line":95,"column":52},"end":{"line":104,"column":3}},"line":95}},"branchMap":{"0":{"loc":{"start":{"line":73,"column":2},"end":{"line":73,"column":59}},"type":"if","locations":[{"start":{"line":73,"column":2},"end":{"line":73,"column":59}},{"start":{},"end":{}}],"line":73},"1":{"loc":{"start":{"line":74,"column":2},"end":{"line":74,"column":58}},"type":"if","locations":[{"start":{"line":74,"column":2},"end":{"line":74,"column":58}},{"start":{},"end":{}}],"line":74},"2":{"loc":{"start":{"line":75,"column":2},"end":{"line":75,"column":61}},"type":"if","locations":[{"start":{"line":75,"column":2},"end":{"line":75,"column":61}},{"start":{},"end":{}}],"line":75},"3":{"loc":{"start":{"line":81,"column":6},"end":{"line":82,"column":74}},"type":"if","locations":[{"start":{"line":81,"column":6},"end":{"line":82,"column":74}},{"start":{"line":82,"column":32},"end":{"line":82,"column":74}}],"line":81},"4":{"loc":{"start":{"line":96,"column":19},"end":{"line":96,"column":76}},"type":"binary-expr","locations":[{"start":{"line":96,"column":19},"end":{"line":96,"column":35}},{"start":{"line":96,"column":39},"end":{"line":96,"column":76}}],"line":96},"5":{"loc":{"start":{"line":97,"column":19},"end":{"line":97,"column":77}},"type":"binary-expr","locations":[{"start":{"line":97,"column":19},"end":{"line":97,"column":35}},{"start":{"line":97,"column":39},"end":{"line":97,"column":77}}],"line":97},"6":{"loc":{"start":{"line":98,"column":19},"end":{"line":101,"column":45}},"type":"binary-expr","locations":[{"start":{"line":98,"column":19},"end":{"line":98,"column":31}},{"start":{"line":98,"column":35},"end":{"line":101,"column":45}}],"line":98},"7":{"loc":{"start":{"line":103,"column":11},"end":{"line":103,"column":36}},"type":"binary-expr","locations":[{"start":{"line":103,"column":11},"end":{"line":103,"column":16}},{"start":{"line":103,"column":20},"end":{"line":103,"column":26}},{"start":{"line":103,"column":30},"end":{"line":103,"column":36}}],"line":103}},"s":{"0":1,"1":4,"2":4,"3":4,"4":4,"5":4,"6":4,"7":10,"8":4,"9":10,"10":4,"11":4,"12":4,"13":8,"14":4,"15":4,"16":1,"17":1,"18":1,"19":1,"20":3,"21":3,"22":3,"23":2,"24":3,"25":1,"26":3,"27":1,"28":3,"29":0,"30":3,"31":2,"32":0,"33":0,"34":0,"35":0,"36":0,"37":3,"38":3,"39":3,"40":3,"41":3,"42":7,"43":7,"44":7,"45":7,"46":3},"f":{"0":4,"1":4,"2":10,"3":10,"4":4,"5":4,"6":8,"7":1,"8":3,"9":2,"10":2,"11":0,"12":3,"13":7},"b":{"0":[1,2],"1":[1,2],"2":[0,3],"3":[0,0],"4":[7,2],"5":[7,2],"6":[7,0],"7":[7,6,5]},"_coverageSchema":"1a1c01bbd47fc00a2c39e90264f33305004495a9","hash":"182519b3dcfcba0d3564d4056a76bbd54783e066"}
,"/Applications/XAMPP/xamppfiles/htdocs/calendo/frontend/js/pagination.js": {"path":"/Applications/XAMPP/xamppfiles/htdocs/calendo/frontend/js/pagination.js","statementMap":{"0":{"start":{"line":2,"column":22},"end":{"line":2,"column":24}},"1":{"start":{"line":3,"column":18},"end":{"line":3,"column":19}},"2":{"start":{"line":4,"column":15},"end":{"line":4,"column":16}},"3":{"start":{"line":5,"column":15},"end":{"line":5,"column":23}},"4":{"start":{"line":8,"column":4},"end":{"line":8,"column":18}},"5":{"start":{"line":11,"column":18},"end":{"line":11,"column":45}},"6":{"start":{"line":12,"column":18},"end":{"line":12,"column":64}},"7":{"start":{"line":13,"column":4},"end":{"line":13,"column":20}},"8":{"start":{"line":14,"column":4},"end":{"line":14,"column":23}},"9":{"start":{"line":19,"column":21},"end":{"line":19,"column":65}},"10":{"start":{"line":20,"column":21},"end":{"line":20,"column":58}},"11":{"start":{"line":21,"column":2},"end":{"line":21,"column":21}},"12":{"start":{"line":21,"column":14},"end":{"line":21,"column":21}},"13":{"start":{"line":22,"column":2},"end":{"line":22,"column":24}},"14":{"start":{"line":24,"column":18},"end":{"line":29,"column":3}},"15":{"start":{"line":25,"column":4},"end":{"line":28,"column":15}},"16":{"start":{"line":31,"column":2},"end":{"line":31,"column":54}},"17":{"start":{"line":33,"column":2},"end":{"line":35,"column":3}},"18":{"start":{"line":33,"column":15},"end":{"line":33,"column":16}},"19":{"start":{"line":34,"column":4},"end":{"line":34,"column":44}},"20":{"start":{"line":37,"column":2},"end":{"line":37,"column":63}},"21":{"start":{"line":41,"column":4},"end":{"line":51,"column":7}},"22":{"start":{"line":42,"column":14},"end":{"line":42,"column":46}},"23":{"start":{"line":43,"column":4},"end":{"line":43,"column":19}},"24":{"start":{"line":43,"column":12},"end":{"line":43,"column":19}},"25":{"start":{"line":44,"column":4},"end":{"line":44,"column":23}},"26":{"start":{"line":45,"column":17},"end":{"line":45,"column":39}},"27":{"start":{"line":46,"column":23},"end":{"line":46,"column":67}},"28":{"start":{"line":47,"column":4},"end":{"line":50,"column":5}},"29":{"start":{"line":48,"column":8},"end":{"line":48,"column":27}},"30":{"start":{"line":49,"column":8},"end":{"line":49,"column":21}},"31":{"start":{"line":52,"column":4},"end":{"line":56,"column":3}},"32":{"start":{"line":53,"column":4},"end":{"line":53,"column":40}},"33":{"start":{"line":54,"column":4},"end":{"line":54,"column":20}},"34":{"start":{"line":55,"column":4},"end":{"line":55,"column":17}},"35":{"start":{"line":61,"column":2},"end":{"line":61,"column":25}},"36":{"start":{"line":62,"column":2},"end":{"line":62,"column":22}},"37":{"start":{"line":63,"column":2},"end":{"line":63,"column":15}}},"fnMap":{"0":{"name":"(anonymous_0)","decl":{"start":{"line":5,"column":15},"end":{"line":5,"column":16}},"loc":{"start":{"line":5,"column":21},"end":{"line":5,"column":23}},"line":5},"1":{"name":"setRenderFunction","decl":{"start":{"line":7,"column":9},"end":{"line":7,"column":26}},"loc":{"start":{"line":7,"column":31},"end":{"line":9,"column":1}},"line":7},"2":{"name":"renderPage","decl":{"start":{"line":10,"column":9},"end":{"line":10,"column":19}},"loc":{"start":{"line":10,"column":22},"end":{"line":15,"column":1}},"line":10},"3":{"name":"renderPagination","decl":{"start":{"line":18,"column":9},"end":{"line":18,"column":25}},"loc":{"start":{"line":18,"column":28},"end":{"line":38,"column":1}},"line":18},"4":{"name":"(anonymous_4)","decl":{"start":{"line":24,"column":18},"end":{"line":24,"column":19}},"loc":{"start":{"line":24,"column":69},"end":{"line":29,"column":3}},"line":24},"5":{"name":"wirePagerClicks","decl":{"start":{"line":40,"column":9},"end":{"line":40,"column":24}},"loc":{"start":{"line":40,"column":27},"end":{"line":57,"column":1}},"line":40},"6":{"name":"(anonymous_6)","decl":{"start":{"line":41,"column":68},"end":{"line":41,"column":69}},"loc":{"start":{"line":41,"column":73},"end":{"line":51,"column":5}},"line":41},"7":{"name":"(anonymous_7)","decl":{"start":{"line":52,"column":73},"end":{"line":52,"column":74}},"loc":{"start":{"line":52,"column":78},"end":{"line":56,"column":1}},"line":52},"8":{"name":"setAppointments","decl":{"start":{"line":60,"column":9},"end":{"line":60,"column":24}},"loc":{"start":{"line":60,"column":31},"end":{"line":64,"column":1}},"line":60}},"branchMap":{"0":{"loc":{"start":{"line":21,"column":2},"end":{"line":21,"column":21}},"type":"if","locations":[{"start":{"line":21,"column":2},"end":{"line":21,"column":21}},{"start":{},"end":{}}],"line":21},"1":{"loc":{"start":{"line":24,"column":32},"end":{"line":24,"column":48}},"type":"default-arg","locations":[{"start":{"line":24,"column":43},"end":{"line":24,"column":48}}],"line":24},"2":{"loc":{"start":{"line":24,"column":50},"end":{"line":24,"column":64}},"type":"default-arg","locations":[{"start":{"line":24,"column":59},"end":{"line":24,"column":64}}],"line":24},"3":{"loc":{"start":{"line":26,"column":30},"end":{"line":26,"column":54}},"type":"cond-expr","locations":[{"start":{"line":26,"column":41},"end":{"line":26,"column":51}},{"start":{"line":26,"column":52},"end":{"line":26,"column":54}}],"line":26},"4":{"loc":{"start":{"line":26,"column":58},"end":{"line":26,"column":76}},"type":"cond-expr","locations":[{"start":{"line":26,"column":65},"end":{"line":26,"column":73}},{"start":{"line":26,"column":74},"end":{"line":26,"column":76}}],"line":26},"5":{"loc":{"start":{"line":43,"column":4},"end":{"line":43,"column":19}},"type":"if","locations":[{"start":{"line":43,"column":4},"end":{"line":43,"column":19}},{"start":{},"end":{}}],"line":43},"6":{"loc":{"start":{"line":47,"column":4},"end":{"line":50,"column":5}},"type":"if","locations":[{"start":{"line":47,"column":4},"end":{"line":50,"column":5}},{"start":{},"end":{}}],"line":47},"7":{"loc":{"start":{"line":47,"column":8},"end":{"line":47,"column":39}},"type":"binary-expr","locations":[{"start":{"line":47,"column":8},"end":{"line":47,"column":17}},{"start":{"line":47,"column":21},"end":{"line":47,"column":39}}],"line":47}},"s":{"0":1,"1":1,"2":1,"3":1,"4":3,"5":6,"6":6,"7":6,"8":6,"9":6,"10":6,"11":6,"12":0,"13":6,"14":6,"15":25,"16":6,"17":6,"18":6,"19":13,"20":6,"21":1,"22":1,"23":1,"24":0,"25":1,"26":1,"27":1,"28":1,"29":1,"30":1,"31":1,"32":2,"33":2,"34":2,"35":3,"36":3,"37":3},"f":{"0":0,"1":3,"2":6,"3":6,"4":25,"5":1,"6":1,"7":2,"8":3},"b":{"0":[0,6],"1":[0],"2":[12],"3":[7,18],"4":[6,19],"5":[0,1],"6":[1,0],"7":[1,1]},"_coverageSchema":"1a1c01bbd47fc00a2c39e90264f33305004495a9","hash":"0c8bf2f3ab3828530deca75d88f92862ae560b80"}
}
