TN:
SF:frontend/js/appointments.ui.js
FN:7,formatDateRange
FN:14,getStatusColor
FN:19,showToast
FN:27,renderAppointments
FN:29,(anonymous_4)
FN:35,cardHtml
FN:57,wireDescriptionToggles
FN:58,(anonymous_7)
FN:59,(anonymous_8)
FN:69,populateCategoryOptions
FN:79,(anonymous_10)
FN:83,showAppointmentModal
FN:85,openModalCreate
FN:93,openModalEdit
FN:96,(anonymous_14)
FN:125,wireContainerClicks
FN:128,(anonymous_16)
FN:147,initDeleteModal
FN:153,handleDeleteConfirm
FN:178,suggestStatus
FN:185,(anonymous_20)
FN:189,setupAppointmentFormHandler
FN:190,(anonymous_22)
FN:201,fetchAppointments
FN:211,getFormJSON
FNF:25
FNH:2
FNDA:0,formatDateRange
FNDA:0,getStatusColor
FNDA:0,showToast
FNDA:0,renderAppointments
FNDA:0,(anonymous_4)
FNDA:0,cardHtml
FNDA:0,wireDescriptionToggles
FNDA:0,(anonymous_7)
FNDA:0,(anonymous_8)
FNDA:0,populateCategoryOptions
FNDA:0,(anonymous_10)
FNDA:0,showAppointmentModal
FNDA:0,openModalCreate
FNDA:0,openModalEdit
FNDA:0,(anonymous_14)
FNDA:0,wireContainerClicks
FNDA:0,(anonymous_16)
FNDA:0,initDeleteModal
FNDA:0,handleDeleteConfirm
FNDA:0,suggestStatus
FNDA:4,(anonymous_20)
FNDA:0,setupAppointmentFormHandler
FNDA:0,(anonymous_22)
FNDA:2,fetchAppointments
FNDA:0,getFormJSON
DA:8,0
DA:9,0
DA:10,0
DA:11,0
DA:15,0
DA:16,0
DA:17,0
DA:20,0
DA:21,0
DA:22,0
DA:23,0
DA:28,0
DA:29,0
DA:30,0
DA:31,0
DA:35,0
DA:58,0
DA:59,0
DA:60,0
DA:61,0
DA:62,0
DA:63,0
DA:70,0
DA:71,0
DA:74,0
DA:78,0
DA:79,0
DA:83,0
DA:86,0
DA:87,0
DA:88,0
DA:89,0
DA:90,0
DA:94,0
DA:96,0
DA:98,0
DA:101,0
DA:102,0
DA:103,0
DA:104,0
DA:105,0
DA:106,0
DA:109,0
DA:110,0
DA:111,0
DA:114,0
DA:115,0
DA:118,0
DA:126,0
DA:128,0
DA:130,0
DA:131,0
DA:132,0
DA:133,0
DA:137,0
DA:138,0
DA:139,0
DA:140,0
DA:148,0
DA:149,0
DA:150,0
DA:154,0
DA:155,0
DA:157,0
DA:159,0
DA:161,0
DA:162,0
DA:163,0
DA:166,0
DA:170,0
DA:172,0
DA:179,0
DA:180,0
DA:181,0
DA:182,0
DA:183,0
DA:185,1
DA:186,4
DA:190,0
DA:191,0
DA:192,0
DA:193,0
DA:194,0
DA:195,0
DA:196,0
DA:202,2
DA:203,2
DA:204,2
DA:212,0
DA:213,0
DA:214,0
LF:91
LH:5
BRDA:15,0,0,0
BRDA:15,0,1,0
BRDA:15,0,2,0
BRDA:15,0,3,0
BRDA:15,0,4,0
BRDA:19,1,0,0
BRDA:40,2,0,0
BRDA:40,2,1,0
BRDA:47,3,0,0
BRDA:47,3,1,0
BRDA:62,4,0,0
BRDA:62,4,1,0
BRDA:102,5,0,0
BRDA:102,5,1,0
BRDA:131,6,0,0
BRDA:131,6,1,0
BRDA:138,7,0,0
BRDA:138,7,1,0
BRDA:155,8,0,0
BRDA:155,8,1,0
BRDA:161,9,0,0
BRDA:161,9,1,0
BRDA:162,10,0,0
BRDA:162,10,1,0
BRDA:166,11,0,0
BRDA:166,11,1,0
BRDA:166,11,2,0
BRDA:183,12,0,0
BRDA:183,12,1,0
BRDA:183,13,0,0
BRDA:183,13,1,0
BRDA:183,14,0,0
BRDA:183,14,1,0
BRDA:192,15,0,0
BRDA:192,15,1,0
BRDA:193,16,0,0
BRDA:193,16,1,0
BRDA:196,17,0,0
BRDA:196,17,1,0
BRF:39
BRH:0
end_of_record
TN:
SF:frontend/js/filter-dashboard.js
FN:15,initFilters
FN:24,populateCategoryOptions
FN:26,(anonymous_2)
FN:30,(anonymous_3)
FN:33,populateStatusOptions
FN:45,attachFilterListeners
FN:46,(anonymous_6)
FN:52,(anonymous_7)
FN:61,updateActiveFilterChips
FN:65,(anonymous_9)
FN:78,(anonymous_10)
FN:79,(anonymous_11)
FN:88,applyFilters
FN:95,(anonymous_13)
FNF:14
FNH:13
FNDA:4,initFilters
FNDA:4,populateCategoryOptions
FNDA:10,(anonymous_2)
FNDA:10,(anonymous_3)
FNDA:4,populateStatusOptions
FNDA:4,attachFilterListeners
FNDA:8,(anonymous_6)
FNDA:1,(anonymous_7)
FNDA:3,updateActiveFilterChips
FNDA:2,(anonymous_9)
FNDA:2,(anonymous_10)
FNDA:0,(anonymous_11)
FNDA:3,applyFilters
FNDA:7,(anonymous_13)
DA:12,1
DA:16,4
DA:17,4
DA:18,4
DA:19,4
DA:25,4
DA:26,10
DA:28,4
DA:30,10
DA:34,4
DA:35,4
DA:46,4
DA:47,8
DA:49,4
DA:52,4
DA:53,1
DA:54,1
DA:55,1
DA:56,1
DA:62,3
DA:63,3
DA:65,3
DA:66,2
DA:73,3
DA:74,3
DA:75,3
DA:78,3
DA:79,2
DA:80,0
DA:81,0
DA:82,0
DA:83,0
DA:89,3
DA:90,3
DA:91,3
DA:93,3
DA:95,3
DA:96,7
DA:97,7
DA:98,7
DA:103,7
DA:106,3
LF:42
LH:38
BRDA:73,0,0,1
BRDA:73,0,1,2
BRDA:74,1,0,1
BRDA:74,1,1,2
BRDA:75,2,0,0
BRDA:75,2,1,3
BRDA:81,3,0,0
BRDA:81,3,1,0
BRDA:96,4,0,7
BRDA:96,4,1,2
BRDA:97,5,0,7
BRDA:97,5,1,2
BRDA:98,6,0,7
BRDA:98,6,1,0
BRDA:103,7,0,7
BRDA:103,7,1,6
BRDA:103,7,2,5
BRF:17
BRH:13
end_of_record
TN:
SF:frontend/js/pagination.js
FN:5,(anonymous_0)
FN:7,setRenderFunction
FN:10,renderPage
FN:18,renderPagination
FN:24,(anonymous_4)
FN:40,wirePagerClicks
FN:41,(anonymous_6)
FN:52,(anonymous_7)
FN:60,setAppointments
FNF:9
FNH:8
FNDA:0,(anonymous_0)
FNDA:3,setRenderFunction
FNDA:6,renderPage
FNDA:6,renderPagination
FNDA:25,(anonymous_4)
FNDA:1,wirePagerClicks
FNDA:1,(anonymous_6)
FNDA:2,(anonymous_7)
FNDA:3,setAppointments
DA:2,1
DA:3,1
DA:4,1
DA:5,1
DA:8,3
DA:11,6
DA:12,6
DA:13,6
DA:14,6
DA:19,6
DA:20,6
DA:21,6
DA:22,6
DA:24,6
DA:25,25
DA:31,6
DA:33,6
DA:34,13
DA:37,6
DA:41,1
DA:42,1
DA:43,1
DA:44,1
DA:45,1
DA:46,1
DA:47,1
DA:48,1
DA:49,1
DA:52,1
DA:53,2
DA:54,2
DA:55,2
DA:61,3
DA:62,3
DA:63,3
LF:35
LH:35
BRDA:21,0,0,0
BRDA:21,0,1,6
BRDA:24,1,0,0
BRDA:24,2,0,12
BRDA:26,3,0,7
BRDA:26,3,1,18
BRDA:26,4,0,6
BRDA:26,4,1,19
BRDA:43,5,0,0
BRDA:43,5,1,1
BRDA:47,6,0,1
BRDA:47,6,1,0
BRDA:47,7,0,1
BRDA:47,7,1,1
BRF:14
BRH:10
end_of_record
